<?xml version="1.0" encoding="UTF-8"?>
<!-- Generated by org.testng.reporters.JUnitReportReporter -->
<testsuite hostname="LAPTOP-CNDO9REH" failures="0" tests="2" name="vtiger_scripts.Register_fromEXCEL_sheetTest" time="11.308" errors="0" timestamp="2023-01-31T17:26:47 IST" skipped="0">
  <testcase classname="vtiger_scripts.Register_fromEXCEL_sheetTest" name="login" time="5.975"/>
  <system-out/>
  <testcase classname="vtiger_scripts.Register_fromEXCEL_sheetTest" name="login" time="5.333"/>
  <system-out/>
</testsuite> <!-- vtiger_scripts.Register_fromEXCEL_sheetTest -->
