<?xml version="1.0" encoding="UTF-8"?>
<!-- Generated by org.testng.reporters.JUnitReportReporter -->
<testsuite hostname="LAPTOP-CNDO9REH" failures="0" tests="1" name="vtiger_scripts.register" time="0.000" errors="0" timestamp="2023-01-31T10:09:32 IST" skipped="1">
  <testcase classname="vtiger_scripts.register" name="login" time="0.000">
    <skipped/>
  </testcase> <!-- login -->
  <system-out/>
</testsuite> <!-- vtiger_scripts.register -->
