<?xml version="1.0" encoding="UTF-8"?>
<!-- Generated by org.testng.reporters.JUnitReportReporter -->
<testsuite hostname="LAPTOP-CNDO9REH" failures="0" tests="2" name="vtiger_scripts.Register_fromEXCEL_sheet" time="11.813" errors="0" timestamp="2023-01-31T16:19:25 IST" skipped="0">
  <testcase classname="vtiger_scripts.Register_fromEXCEL_sheet" name="login" time="5.784"/>
  <system-out/>
  <testcase classname="vtiger_scripts.Register_fromEXCEL_sheet" name="login" time="6.029"/>
  <system-out/>
</testsuite> <!-- vtiger_scripts.Register_fromEXCEL_sheet -->
