<?xml version="1.0" encoding="UTF-8"?>
<!-- Generated by org.testng.reporters.JUnitReportReporter -->
<testsuite hostname="LAPTOP-CNDO9REH" failures="0" tests="1" name="vtiger_scripts.PDF_DataFetchTest" time="0.781" errors="0" timestamp="2023-01-31T17:26:21 IST" skipped="0">
  <testcase classname="vtiger_scripts.PDF_DataFetchTest" name="pdf" time="0.781"/>
  <system-out/>
</testsuite> <!-- vtiger_scripts.PDF_DataFetchTest -->
