<?xml version="1.0" encoding="UTF-8"?>
<!-- Generated by org.testng.reporters.JUnitReportReporter -->
<testsuite hostname="LAPTOP-CNDO9REH" failures="0" tests="1" name="vtiger_scripts.Chrome_options" time="15.678" errors="0" timestamp="2023-01-30T13:20:34 IST" skipped="0">
  <testcase classname="vtiger_scripts.Chrome_options" name="run" time="15.678"/>
  <system-out/>
</testsuite> <!-- vtiger_scripts.Chrome_options -->
