<?xml version="1.0" encoding="UTF-8"?>
<!-- Generated by org.testng.reporters.JUnitReportReporter -->
<testsuite hostname="LAPTOP-CNDO9REH" failures="0" tests="1" name="vtiger_scripts.PDF_DataFetch" time="0.967" errors="0" timestamp="2023-01-31T16:15:54 IST" skipped="0">
  <testcase classname="vtiger_scripts.PDF_DataFetch" name="pdf" time="0.967"/>
  <system-out/>
</testsuite> <!-- vtiger_scripts.PDF_DataFetch -->
